<?xml version="1.0" encoding="UTF-8"?>
<testsuite name="LoginTest" tests="1" skipped="0" failures="0" errors="0" timestamp="2020-05-29T14:02:51" hostname="vaibhav-HP-Notebook" time="0.262">
  <properties/>
  <testcase name="test_validate" classname="LoginTest" time="0.262"/>
  <system-out><![CDATA[]]></system-out>
  <system-err><![CDATA[]]></system-err>
</testsuite>
